<?xml version="1.0" encoding="UTF-8"?>
<testsuites name="Mocha Tests" time="1.748" tests="3" failures="0">
  <testsuite name="Root Suite" timestamp="2025-02-17T03:59:50" tests="0" file="cypress\e2e\navigation.cy.js" time="0.000" failures="0">
  </testsuite>
  <testsuite name="template spec" timestamp="2025-02-17T03:59:50" tests="3" time="1.711" failures="0">
    <testcase name="template spec displays the main page" time="0.975" classname="displays the main page">
    </testcase>
    <testcase name="template spec shows the page header" time="0.380" classname="shows the page header">
    </testcase>
    <testcase name="template spec shows an empty shopping cart when the cart is clicked on" time="0.298" classname="shows an empty shopping cart when the cart is clicked on">
    </testcase>
  </testsuite>
</testsuites>